0 silly argv {
0 silly argv   _: [ 'version' ],
0 silly argv   lernaVersion: '9.0.0',
0 silly argv   '$0': 'node_modules/.pnpm/lerna@9.0.0/node_modules/lerna/dist/cli.js'
0 silly argv }
1 notice cli v9.0.0
2 verbose packageConfigs Explicit "packages" configuration found in lerna.json. Resolving packages using the configured glob(s): ["packages/*"]
3 verbose rootPath /Volumes/ry/personal/architect/iarch-cli
4 info current version 0.0.0
5 silly isAnythingCommitted
6 verbose isAnythingCommitted 1
7 silly getCurrentBranch
8 verbose currentBranch master
9 silly remoteBranchExists
10 silly isBehindUpstream
11 silly isBehindUpstream master is behind origin/master by 0 commit(s) and ahead by 0
12 silly hasTags
13 verbose hasTags false
14 info Assuming all packages changed
15 verbose updated @iarch-cli/core
16 verbose updated @iarch-cli/utils
17 verbose git-describe undefined => "a6962f0"
18 silly git-describe parsed => {"refCount":"1","sha":"a6962f0","isDirty":false}
19 error ExitPromptError: User force closed the prompt with 0 null
19 error     at /Volumes/ry/personal/architect/iarch-cli/node_modules/.pnpm/@inquirer+core@10.2.2/node_modules/@inquirer/core/dist/commonjs/lib/create-prompt.js:96:20
19 error     at Emitter.emit (/Volumes/ry/personal/architect/iarch-cli/node_modules/.pnpm/signal-exit@4.1.0/node_modules/signal-exit/dist/cjs/index.js:71:19)
19 error     at #processEmit (/Volumes/ry/personal/architect/iarch-cli/node_modules/.pnpm/signal-exit@4.1.0/node_modules/signal-exit/dist/cjs/index.js:240:27)
19 error     at #process.emit (/Volumes/ry/personal/architect/iarch-cli/node_modules/.pnpm/signal-exit@4.1.0/node_modules/signal-exit/dist/cjs/index.js:191:37)
